<?xml version="1.0" encoding="UTF-8"?>
<!-- Generated by org.testng.reporters.JUnitXMLReporter -->
<testsuite ignored="1" hostname="GKG" failures="0" tests="2" name="Test add product" time="19.55" errors="0" timestamp="2025-06-03T00:20:26 EDT">
  <testcase classname="testing_folder.regression" name="test" time="18.747"/>
  <testcase classname="testing_folder.regression" name="test3" time="0.001"/>
  <testcase classname="testing_folder.regression" name="test2" time="0.0">
    <ignored/>
  </testcase> <!-- test2 -->
</testsuite> <!-- Test add product -->
