<?xml version="1.0" encoding="UTF-8"?>
<testng-results ignored="1" total="3" passed="2" failed="0" skipped="0">
  <reporter-output>
  </reporter-output>
  <suite started-at="2025-06-05T16:36:06 EDT" name="Suite" finished-at="2025-06-05T16:36:24 EDT" duration-ms="17287">
    <groups>
      <group name="regression">
        <method signature="regression.test(java.lang.String,java.lang.String,java.lang.String,java.lang.String)[pri:0, instance:testing_folder.regression@6304101a]" name="test" class="testing_folder.regression"/>
        <method signature="regression.test3(java.lang.String)[pri:0, instance:testing_folder.regression@6304101a]" name="test3" class="testing_folder.regression"/>
      </group> <!-- regression -->
    </groups>
    <test started-at="2025-06-05T16:36:06 EDT" name="Test add product" finished-at="2025-06-05T16:36:24 EDT" duration-ms="17287">
      <class name="testing_folder.regression">
        <test-method signature="test(java.lang.String,java.lang.String,java.lang.String,java.lang.String)[pri:0, instance:testing_folder.regression@6304101a]" started-at="2025-06-05T16:36:07 EDT" name="test" data-provider="Load" finished-at="2025-06-05T16:36:24 EDT" duration-ms="16504" status="PASS">
          <params>
            <param index="0">
              <value>
                <![CDATA[gkbc03]]>
              </value>
            </param>
            <param index="1">
              <value>
                <![CDATA[Test123!]]>
              </value>
            </param>
            <param index="2">
              <value>
                <![CDATA[Time logged in:]]>
              </value>
            </param>
            <param index="3">
              <value>
                <![CDATA[Choose from 6 deposit methods]]>
              </value>
            </param>
          </params>
          <reporter-output>
          </reporter-output>
        </test-method> <!-- test -->
        <test-method signature="test3(java.lang.String)[pri:0, instance:testing_folder.regression@6304101a]" started-at="2025-06-05T16:36:24 EDT" name="test3" finished-at="2025-06-05T16:36:24 EDT" duration-ms="3" status="PASS">
          <params>
            <param index="0">
              <value>
                <![CDATA[this is parameter from test xml level]]>
              </value>
            </param>
          </params>
          <reporter-output>
          </reporter-output>
        </test-method> <!-- test3 -->
      </class> <!-- testing_folder.regression -->
    </test> <!-- Test add product -->
  </suite> <!-- Suite -->
</testng-results>
