<?xml version="1.0" encoding="UTF-8"?>
<testng-results ignored="0" total="1" passed="1" failed="0" skipped="0">
  <reporter-output>
  </reporter-output>
  <suite started-at="2025-06-07T13:40:35 EDT" name="Default suite" finished-at="2025-06-07T13:40:50 EDT" duration-ms="14738">
    <groups>
      <group name="regression">
        <method signature="casino_test.casino_flow(java.lang.String,java.lang.String)[pri:0, instance:testing_folder.casino_test@4944252c]" name="casino_flow" class="testing_folder.casino_test"/>
      </group> <!-- regression -->
    </groups>
    <test started-at="2025-06-07T13:40:35 EDT" name="Default test" finished-at="2025-06-07T13:40:50 EDT" duration-ms="14738">
      <class name="testing_folder.casino_test">
        <test-method signature="casino_flow(java.lang.String,java.lang.String)[pri:0, instance:testing_folder.casino_test@4944252c]" started-at="2025-06-07T13:40:36 EDT" name="casino_flow" data-provider="casino_Load" finished-at="2025-06-07T13:40:50 EDT" duration-ms="13976" status="PASS">
          <params>
            <param index="0">
              <value>
                <![CDATA[gkbc03]]>
              </value>
            </param>
            <param index="1">
              <value>
                <![CDATA[Test123!]]>
              </value>
            </param>
          </params>
          <reporter-output>
          </reporter-output>
        </test-method> <!-- casino_flow -->
      </class> <!-- testing_folder.casino_test -->
    </test> <!-- Default test -->
  </suite> <!-- Default suite -->
</testng-results>
